
========================[ Mar 29, 2019 12:18 PM ]========================
Version 2.2.20 [Feb-08-2009]
Started database file "/data/project/tmp/liufeng/MPprimer/session_tmp/1553833089.56.RHbxvlCxVCafYZeGPGyj/query.fa"
Formatted 1 sequences in volume 0
SUCCESS: formatted database /data/project/tmp/liufeng/MPprimer/session_tmp/1553833089.56.RHbxvlCxVCafYZeGPGyj/query.fa

========================[ Mar 29, 2019 12:18 PM ]========================
Version 2.2.20 [Feb-08-2009]
Started database file "/data/project/tmp/liufeng/MPprimer/session_tmp/1553833091.21.UzAscMwwXshYCclxBqDH/query.fa"
Formatted 1 sequences in volume 0
SUCCESS: formatted database /data/project/tmp/liufeng/MPprimer/session_tmp/1553833091.21.UzAscMwwXshYCclxBqDH/query.fa

========================[ Mar 29, 2019 12:18 PM ]========================
Version 2.2.20 [Feb-08-2009]
Started database file "/data/project/tmp/liufeng/MPprimer/session_tmp/1553833091.87.WbnCsZjEsDydosUDtkNz/query.fa"
Formatted 1 sequences in volume 0
SUCCESS: formatted database /data/project/tmp/liufeng/MPprimer/session_tmp/1553833091.87.WbnCsZjEsDydosUDtkNz/query.fa

========================[ Mar 29, 2019 12:18 PM ]========================
Version 2.2.20 [Feb-08-2009]
Started database file "/data/project/tmp/liufeng/MPprimer/session_tmp/1553833092.51.CYQaFhyiHluGGJxpUpRm/query.fa"
Formatted 1 sequences in volume 0
SUCCESS: formatted database /data/project/tmp/liufeng/MPprimer/session_tmp/1553833092.51.CYQaFhyiHluGGJxpUpRm/query.fa

========================[ Mar 29, 2019 12:18 PM ]========================
Version 2.2.20 [Feb-08-2009]
Started database file "/data/project/tmp/liufeng/MPprimer/session_tmp/1553833093.17.EwZIOeQJCLrPrOlcWgnd/query.fa"
Formatted 1 sequences in volume 0
SUCCESS: formatted database /data/project/tmp/liufeng/MPprimer/session_tmp/1553833093.17.EwZIOeQJCLrPrOlcWgnd/query.fa

========================[ Mar 29, 2019 12:18 PM ]========================
Version 2.2.20 [Feb-08-2009]
Started database file "/data/project/tmp/liufeng/MPprimer/session_tmp/1553833094.04.lQFaGZgNVyrdSxsazUTe/query.fa"
Formatted 1 sequences in volume 0
SUCCESS: formatted database /data/project/tmp/liufeng/MPprimer/session_tmp/1553833094.04.lQFaGZgNVyrdSxsazUTe/query.fa

========================[ Mar 29, 2019 12:18 PM ]========================
Version 2.2.20 [Feb-08-2009]
Started database file "/data/project/tmp/liufeng/MPprimer/session_tmp/1553833095.13.dpjRJVPhrPRNThOdjdva/query.fa"
Formatted 1 sequences in volume 0
SUCCESS: formatted database /data/project/tmp/liufeng/MPprimer/session_tmp/1553833095.13.dpjRJVPhrPRNThOdjdva/query.fa

========================[ Mar 29, 2019 12:18 PM ]========================
Version 2.2.20 [Feb-08-2009]
Started database file "/data/project/tmp/liufeng/MPprimer/session_tmp/1553833095.78.SeKYQvlwAynWpnXAMUnh/query.fa"
Formatted 1 sequences in volume 0
SUCCESS: formatted database /data/project/tmp/liufeng/MPprimer/session_tmp/1553833095.78.SeKYQvlwAynWpnXAMUnh/query.fa

========================[ Mar 29, 2019 12:18 PM ]========================
Version 2.2.20 [Feb-08-2009]
Started database file "/data/project/tmp/liufeng/MPprimer/session_tmp/1553833096.42.zdyOqCBHmGBdLZxaEJBQ/query.fa"
Formatted 1 sequences in volume 0
SUCCESS: formatted database /data/project/tmp/liufeng/MPprimer/session_tmp/1553833096.42.zdyOqCBHmGBdLZxaEJBQ/query.fa
