
========================[ Mar 19, 2019 11:13 AM ]========================
Version 2.2.20 [Feb-08-2009]
Started database file "/data/project/tmp/liufeng/MPprimer/session_tmp/1552965218.82.JUjiWNLcIsXXCdutQwph/query.fa"
Formatted 9 sequences in volume 0
SUCCESS: formatted database /data/project/tmp/liufeng/MPprimer/session_tmp/1552965218.82.JUjiWNLcIsXXCdutQwph/query.fa

========================[ Mar 19, 2019 11:16 AM ]========================
Version 2.2.20 [Feb-08-2009]
Started database file "/data/project/tmp/liufeng/MPprimer/session_tmp/1552965374.27.HJemlxnvbepATWhhAbsa/query.fa"
Formatted 1 sequences in volume 0
SUCCESS: formatted database /data/project/tmp/liufeng/MPprimer/session_tmp/1552965374.27.HJemlxnvbepATWhhAbsa/query.fa

========================[ Mar 19, 2019 12:28 PM ]========================
Version 2.2.20 [Feb-08-2009]
Started database file "/data/project/tmp/liufeng/MPprimer/session_tmp/1552969693.52.mkyNiZEqLBuCrkSdGvoH/query.fa"
Formatted 1 sequences in volume 0
SUCCESS: formatted database /data/project/tmp/liufeng/MPprimer/session_tmp/1552969693.52.mkyNiZEqLBuCrkSdGvoH/query.fa

========================[ Mar 20, 2019  9:55 AM ]========================
Version 2.2.20 [Feb-08-2009]
Started database file "/data/project/tmp/liufeng/MPprimer/session_tmp/1553046945.04.VREmbJcFIWltkIhDmJIx/query.fa"
Formatted 9 sequences in volume 0
SUCCESS: formatted database /data/project/tmp/liufeng/MPprimer/session_tmp/1553046945.04.VREmbJcFIWltkIhDmJIx/query.fa

========================[ Mar 20, 2019 10:00 AM ]========================
Version 2.2.20 [Feb-08-2009]
Started database file "/data/project/tmp/liufeng/MPprimer/session_tmp/1553047229.96.qMAbgVDaKwPydHqBFQvv/query.fa"
Formatted 9 sequences in volume 0
SUCCESS: formatted database /data/project/tmp/liufeng/MPprimer/session_tmp/1553047229.96.qMAbgVDaKwPydHqBFQvv/query.fa

========================[ Mar 20, 2019 10:07 AM ]========================
Version 2.2.20 [Feb-08-2009]
Started database file "/data/project/tmp/liufeng/MPprimer/session_tmp/1553047650.73.hkKdYPIDBMPeQgOFWcUb/query.fa"
Formatted 1 sequences in volume 0
SUCCESS: formatted database /data/project/tmp/liufeng/MPprimer/session_tmp/1553047650.73.hkKdYPIDBMPeQgOFWcUb/query.fa

========================[ Mar 20, 2019 10:15 AM ]========================
Version 2.2.20 [Feb-08-2009]
Started database file "/data/project/tmp/liufeng/MPprimer/session_tmp/1553048102.2.XSntwtbjmFUqgetPthAz/query.fa"
Formatted 9 sequences in volume 0
SUCCESS: formatted database /data/project/tmp/liufeng/MPprimer/session_tmp/1553048102.2.XSntwtbjmFUqgetPthAz/query.fa

========================[ Mar 20, 2019 10:22 AM ]========================
Version 2.2.20 [Feb-08-2009]
Started database file "/data/project/tmp/liufeng/MPprimer/session_tmp/1553048531.99.GHkDLwbbpSFELCYVLRon/query.fa"
Formatted 1 sequences in volume 0
SUCCESS: formatted database /data/project/tmp/liufeng/MPprimer/session_tmp/1553048531.99.GHkDLwbbpSFELCYVLRon/query.fa
