
========================[ Mar 29, 2019 12:35 PM ]========================
Version 2.2.20 [Feb-08-2009]
Started database file "/data/project/tmp/liufeng/MPprimer/session_tmp/1553834158.07.gWYdYkvKlZRaJrHdNgTb/query.fa"
Formatted 1 sequences in volume 0
SUCCESS: formatted database /data/project/tmp/liufeng/MPprimer/session_tmp/1553834158.07.gWYdYkvKlZRaJrHdNgTb/query.fa

========================[ Mar 29, 2019 12:35 PM ]========================
Version 2.2.20 [Feb-08-2009]
Started database file "/data/project/tmp/liufeng/MPprimer/session_tmp/1553834158.72.MBhWdhDNocRrAppmrIhz/query.fa"
Formatted 1 sequences in volume 0
SUCCESS: formatted database /data/project/tmp/liufeng/MPprimer/session_tmp/1553834158.72.MBhWdhDNocRrAppmrIhz/query.fa

========================[ Mar 29, 2019 12:35 PM ]========================
Version 2.2.20 [Feb-08-2009]
Started database file "/data/project/tmp/liufeng/MPprimer/session_tmp/1553834159.36.aMMBtmZnyGXCzeiasaoI/query.fa"
Formatted 1 sequences in volume 0
SUCCESS: formatted database /data/project/tmp/liufeng/MPprimer/session_tmp/1553834159.36.aMMBtmZnyGXCzeiasaoI/query.fa

========================[ Mar 29, 2019 12:36 PM ]========================
Version 2.2.20 [Feb-08-2009]
Started database file "/data/project/tmp/liufeng/MPprimer/session_tmp/1553834160.0.sSxBRKgXLWxsCmfxpwML/query.fa"
Formatted 1 sequences in volume 0
SUCCESS: formatted database /data/project/tmp/liufeng/MPprimer/session_tmp/1553834160.0.sSxBRKgXLWxsCmfxpwML/query.fa

========================[ Mar 29, 2019 12:36 PM ]========================
Version 2.2.20 [Feb-08-2009]
Started database file "/data/project/tmp/liufeng/MPprimer/session_tmp/1553834161.12.HQsodaLeNklwHncdpYFf/query.fa"
Formatted 1 sequences in volume 0
SUCCESS: formatted database /data/project/tmp/liufeng/MPprimer/session_tmp/1553834161.12.HQsodaLeNklwHncdpYFf/query.fa

========================[ Mar 29, 2019 12:36 PM ]========================
Version 2.2.20 [Feb-08-2009]
Started database file "/data/project/tmp/liufeng/MPprimer/session_tmp/1553834162.0.fHyYYDOhjgmOoYQsYduK/query.fa"
Formatted 1 sequences in volume 0
SUCCESS: formatted database /data/project/tmp/liufeng/MPprimer/session_tmp/1553834162.0.fHyYYDOhjgmOoYQsYduK/query.fa

========================[ Mar 29, 2019 12:36 PM ]========================
Version 2.2.20 [Feb-08-2009]
Started database file "/data/project/tmp/liufeng/MPprimer/session_tmp/1553834162.64.uYnwbSXvlThhjJJzvULl/query.fa"
Formatted 1 sequences in volume 0
SUCCESS: formatted database /data/project/tmp/liufeng/MPprimer/session_tmp/1553834162.64.uYnwbSXvlThhjJJzvULl/query.fa

========================[ Mar 29, 2019 12:36 PM ]========================
Version 2.2.20 [Feb-08-2009]
Started database file "/data/project/tmp/liufeng/MPprimer/session_tmp/1553834163.32.ruBitBLiTdDlRZcRfDmG/query.fa"
Formatted 1 sequences in volume 0
SUCCESS: formatted database /data/project/tmp/liufeng/MPprimer/session_tmp/1553834163.32.ruBitBLiTdDlRZcRfDmG/query.fa

========================[ Mar 29, 2019 12:36 PM ]========================
Version 2.2.20 [Feb-08-2009]
Started database file "/data/project/tmp/liufeng/MPprimer/session_tmp/1553834163.97.yGuAgoxdyfAyyEPqAoft/query.fa"
Formatted 1 sequences in volume 0
SUCCESS: formatted database /data/project/tmp/liufeng/MPprimer/session_tmp/1553834163.97.yGuAgoxdyfAyyEPqAoft/query.fa

========================[ Mar 29, 2019 12:36 PM ]========================
Version 2.2.20 [Feb-08-2009]
Started database file "/data/project/tmp/liufeng/MPprimer/session_tmp/1553834164.62.HeoQzOMDarOujVuyqdiD/query.fa"
Formatted 1 sequences in volume 0
SUCCESS: formatted database /data/project/tmp/liufeng/MPprimer/session_tmp/1553834164.62.HeoQzOMDarOujVuyqdiD/query.fa

========================[ Mar 29, 2019 12:36 PM ]========================
Version 2.2.20 [Feb-08-2009]
Started database file "/data/project/tmp/liufeng/MPprimer/session_tmp/1553834165.26.SPrJtwAlMzubZWovVsfL/query.fa"
Formatted 1 sequences in volume 0
SUCCESS: formatted database /data/project/tmp/liufeng/MPprimer/session_tmp/1553834165.26.SPrJtwAlMzubZWovVsfL/query.fa

========================[ Mar 29, 2019 12:36 PM ]========================
Version 2.2.20 [Feb-08-2009]
Started database file "/data/project/tmp/liufeng/MPprimer/session_tmp/1553834166.38.EtZZXbdOmEZjXyzhFaZh/query.fa"
Formatted 1 sequences in volume 0
SUCCESS: formatted database /data/project/tmp/liufeng/MPprimer/session_tmp/1553834166.38.EtZZXbdOmEZjXyzhFaZh/query.fa

========================[ Mar 29, 2019 12:36 PM ]========================
Version 2.2.20 [Feb-08-2009]
Started database file "/data/project/tmp/liufeng/MPprimer/session_tmp/1553834167.01.kfDNlbEaYxruTaOZFWYc/query.fa"
Formatted 1 sequences in volume 0
SUCCESS: formatted database /data/project/tmp/liufeng/MPprimer/session_tmp/1553834167.01.kfDNlbEaYxruTaOZFWYc/query.fa

========================[ Mar 29, 2019 12:36 PM ]========================
Version 2.2.20 [Feb-08-2009]
Started database file "/data/project/tmp/liufeng/MPprimer/session_tmp/1553834167.65.sRaqyDnoxSUUbTbmwieC/query.fa"
Formatted 1 sequences in volume 0
SUCCESS: formatted database /data/project/tmp/liufeng/MPprimer/session_tmp/1553834167.65.sRaqyDnoxSUUbTbmwieC/query.fa

========================[ Mar 29, 2019 10:41 PM ]========================
Version 2.2.20 [Feb-08-2009]
Started database file "/data/project/tmp/liufeng/MPprimer/session_tmp/1553870494.91.nvNuUKZLXxUSIeiFdIss/query.fa"
Formatted 1 sequences in volume 0
SUCCESS: formatted database /data/project/tmp/liufeng/MPprimer/session_tmp/1553870494.91.nvNuUKZLXxUSIeiFdIss/query.fa

========================[ Mar 29, 2019 10:56 PM ]========================
Version 2.2.20 [Feb-08-2009]
Started database file "/data/project/tmp/liufeng/MPprimer/session_tmp/1553871389.01.eLFaeaRrChsbUAkyYpWQ/query.fa"
Formatted 1 sequences in volume 0
SUCCESS: formatted database /data/project/tmp/liufeng/MPprimer/session_tmp/1553871389.01.eLFaeaRrChsbUAkyYpWQ/query.fa

========================[ Mar 29, 2019 10:58 PM ]========================
Version 2.2.20 [Feb-08-2009]
Started database file "/data/project/tmp/liufeng/MPprimer/session_tmp/1553871517.78.PzCDkjiWpvgYCBbiqhgh/query.fa"
Formatted 1 sequences in volume 0
SUCCESS: formatted database /data/project/tmp/liufeng/MPprimer/session_tmp/1553871517.78.PzCDkjiWpvgYCBbiqhgh/query.fa

========================[ Mar 29, 2019 11:00 PM ]========================
Version 2.2.20 [Feb-08-2009]
Started database file "/data/project/tmp/liufeng/MPprimer/session_tmp/1553871620.94.zwWHLFNGoomUzvBQjmrB/query.fa"
Formatted 1 sequences in volume 0
SUCCESS: formatted database /data/project/tmp/liufeng/MPprimer/session_tmp/1553871620.94.zwWHLFNGoomUzvBQjmrB/query.fa

========================[ Mar 29, 2019 11:02 PM ]========================
Version 2.2.20 [Feb-08-2009]
Started database file "/data/project/tmp/liufeng/MPprimer/session_tmp/1553871771.85.bwitXQgksJejHzEIjhep/query.fa"
Formatted 1 sequences in volume 0
SUCCESS: formatted database /data/project/tmp/liufeng/MPprimer/session_tmp/1553871771.85.bwitXQgksJejHzEIjhep/query.fa
